2019-06-30 10:51:59 - PHP Warning:  Cannot modify header information - headers already sent by (output started at C:\OSPanel\domains\charm\system\library\db\mpdo.php:9) in C:\OSPanel\domains\charm\system\library\response.php on line 12
2019-06-30 10:52:15 - PHP Notice:  Undefined index: total in C:\OSPanel\domains\charm\admin\model\customer\customer.php on line 325
2019-06-30 10:52:15 - PHP Notice:  Undefined index: total in C:\OSPanel\domains\charm\admin\model\marketing\affiliate.php on line 182
2019-06-30 10:52:31 - PHP Notice:  Undefined index: total in C:\OSPanel\domains\charm\admin\model\customer\customer.php on line 325
2019-06-30 10:52:31 - PHP Notice:  Undefined index: total in C:\OSPanel\domains\charm\admin\model\marketing\affiliate.php on line 182
2019-06-30 10:52:33 - PHP Notice:  Undefined index: directory in C:\OSPanel\domains\charm\admin\model\localisation\language.php on line 349
2019-06-30 10:52:33 - PHP Notice:  Undefined index: total in C:\OSPanel\domains\charm\admin\model\customer\customer.php on line 325
2019-06-30 10:52:33 - PHP Notice:  Undefined index: total in C:\OSPanel\domains\charm\admin\model\marketing\affiliate.php on line 182
2019-06-30 10:53:12 - PHP Notice:  Undefined index: total in C:\OSPanel\domains\charm\admin\model\customer\customer.php on line 325
2019-06-30 10:53:12 - PHP Notice:  Undefined index: total in C:\OSPanel\domains\charm\admin\model\marketing\affiliate.php on line 182
2019-06-30 10:55:04 - PHP Notice:  Undefined index: total in C:\OSPanel\domains\charm\admin\model\marketing\affiliate.php on line 182
2019-06-30 10:55:07 - PHP Notice:  Undefined index: total in C:\OSPanel\domains\charm\admin\model\marketing\affiliate.php on line 182
2019-06-30 10:55:08 - PHP Notice:  Undefined index: total in C:\OSPanel\domains\charm\admin\model\marketing\affiliate.php on line 182
2019-06-30 10:55:08 - PHP Notice:  Undefined index: total in C:\OSPanel\domains\charm\admin\model\marketing\affiliate.php on line 182
2019-06-30 10:55:09 - PHP Notice:  Undefined index: total in C:\OSPanel\domains\charm\admin\model\marketing\affiliate.php on line 182
2019-06-30 10:55:09 - PHP Notice:  Undefined index: total in C:\OSPanel\domains\charm\admin\model\marketing\affiliate.php on line 182
2019-06-30 11:20:43 - PHP Notice:  Undefined index: directory in C:\OSPanel\domains\charm\admin\model\localisation\language.php on line 349
2019-06-30 12:11:37 - PHP Notice:  Undefined index: meta_h1 in C:\OSPanel\domains\charm\admin\model\catalog\category.php on line 341
2019-06-30 12:11:37 - PHP Notice:  Undefined index: category_id in C:\OSPanel\domains\charm\admin\controller\catalog\category.php on line 433
2019-06-30 12:14:48 - PHP Notice:  Undefined index: meta_h1 in C:\OSPanel\domains\charm\admin\model\catalog\category.php on line 340
2019-06-30 12:14:48 - PHP Notice:  Undefined index: category_id in C:\OSPanel\domains\charm\admin\controller\catalog\category.php on line 433
2019-06-30 12:34:38 - PHP Notice:  Undefined index: category_id in C:\OSPanel\domains\charm\admin\controller\catalog\category.php on line 433
2019-06-30 12:34:41 - PHP Notice:  Undefined index: category_id in C:\OSPanel\domains\charm\admin\controller\catalog\category.php on line 433
2019-06-30 12:42:30 - PHP Notice:  Undefined index: category_id in C:\OSPanel\domains\charm\admin\controller\catalog\category.php on line 433
2019-06-30 12:42:36 - PHP Notice:  Undefined index: category_id in C:\OSPanel\domains\charm\admin\controller\catalog\category.php on line 433
2019-06-30 12:42:42 - PHP Notice:  Undefined index: category_id in C:\OSPanel\domains\charm\admin\controller\catalog\category.php on line 433
2019-06-30 12:50:52 - PHP Notice:  Undefined index: category_id in C:\OSPanel\domains\charm\admin\controller\catalog\category.php on line 433
2019-06-30 12:54:48 - PHP Notice:  Undefined index: category_id in C:\OSPanel\domains\charm\admin\controller\catalog\category.php on line 433
2019-06-30 22:44:46 - PHP Notice:  Undefined index: category_id in C:\OSPanel\domains\charm\admin\controller\catalog\category.php on line 433
2019-06-30 22:45:08 - PHP Notice:  Undefined index: category_id in C:\OSPanel\domains\charm\admin\controller\catalog\category.php on line 433
2019-06-30 22:45:31 - PHP Notice:  Undefined index: category_id in C:\OSPanel\domains\charm\admin\controller\catalog\category.php on line 433
2019-06-30 22:45:44 - PHP Notice:  Undefined index: category_id in C:\OSPanel\domains\charm\admin\controller\catalog\category.php on line 433
2019-06-30 23:09:08 - PHP Notice:  Undefined index: category_id in C:\OSPanel\domains\charm\admin\controller\catalog\category.php on line 433
2019-06-30 23:35:49 - PHP Notice:  Undefined index: category_id in C:\OSPanel\domains\charm\admin\controller\catalog\category.php on line 433
2019-06-30 23:36:25 - PHP Notice:  Undefined index: category_id in C:\OSPanel\domains\charm\admin\controller\catalog\category.php on line 433
2019-06-30 23:36:37 - PHP Notice:  Undefined index: category_id in C:\OSPanel\domains\charm\admin\controller\catalog\category.php on line 433
